<?xml version="1.0" encoding="UTF-8"?>
<testng-results skipped="0" failed="0" ignored="0" total="1" passed="1">
  <reporter-output>
  </reporter-output>
  <suite name="Default suite" duration-ms="9162" started-at="2018-04-30T18:02:34Z" finished-at="2018-04-30T18:02:43Z">
    <groups>
    </groups>
    <test name="Default test" duration-ms="9162" started-at="2018-04-30T18:02:34Z" finished-at="2018-04-30T18:02:43Z">
      <class name="com.NewToursLogInTest.MyMavenProject.LogInTest">
        <test-method status="PASS" signature="setUp()[pri:0, instance:com.NewToursLogInTest.MyMavenProject.LogInTest@3ffc5af1]" name="setUp" is-config="true" duration-ms="5082" started-at="2018-04-30T19:02:34Z" finished-at="2018-04-30T19:02:39Z">
          <reporter-output>
          </reporter-output>
        </test-method> <!-- setUp -->
        <test-method status="PASS" signature="LogIn()[pri:0, instance:com.NewToursLogInTest.MyMavenProject.LogInTest@3ffc5af1]" name="LogIn" duration-ms="3788" started-at="2018-04-30T19:02:39Z" finished-at="2018-04-30T19:02:43Z">
          <reporter-output>
          </reporter-output>
        </test-method> <!-- LogIn -->
        <test-method status="PASS" signature="tearDown()[pri:0, instance:com.NewToursLogInTest.MyMavenProject.LogInTest@3ffc5af1]" name="tearDown" is-config="true" duration-ms="264" started-at="2018-04-30T19:02:43Z" finished-at="2018-04-30T19:02:43Z">
          <reporter-output>
          </reporter-output>
        </test-method> <!-- tearDown -->
      </class> <!-- com.NewToursLogInTest.MyMavenProject.LogInTest -->
    </test> <!-- Default test -->
  </suite> <!-- Default suite -->
</testng-results>
