<?xml version="1.0" encoding="UTF-8"?>
<testng-results skipped="0" failed="0" ignored="0" total="1" passed="1">
  <reporter-output>
  </reporter-output>
  <suite name="com.NewToursLogInTest.MyMavenProject.LogInTest" duration-ms="8838" started-at="2018-04-30T18:04:30Z" finished-at="2018-04-30T18:04:39Z">
    <groups>
    </groups>
    <test name="Command line test" duration-ms="8838" started-at="2018-04-30T18:04:30Z" finished-at="2018-04-30T18:04:39Z">
      <class name="com.NewToursLogInTest.MyMavenProject.LogInTest">
        <test-method status="PASS" signature="setUp()[pri:0, instance:com.NewToursLogInTest.MyMavenProject.LogInTest@6b2fad11]" name="setUp" is-config="true" duration-ms="4893" started-at="2018-04-30T19:04:30Z" finished-at="2018-04-30T19:04:35Z">
          <reporter-output>
          </reporter-output>
        </test-method> <!-- setUp -->
        <test-method status="PASS" signature="LogIn()[pri:0, instance:com.NewToursLogInTest.MyMavenProject.LogInTest@6b2fad11]" name="LogIn" duration-ms="3745" started-at="2018-04-30T19:04:35Z" finished-at="2018-04-30T19:04:39Z">
          <reporter-output>
          </reporter-output>
        </test-method> <!-- LogIn -->
        <test-method status="PASS" signature="tearDown()[pri:0, instance:com.NewToursLogInTest.MyMavenProject.LogInTest@6b2fad11]" name="tearDown" is-config="true" duration-ms="169" started-at="2018-04-30T19:04:39Z" finished-at="2018-04-30T19:04:39Z">
          <reporter-output>
          </reporter-output>
        </test-method> <!-- tearDown -->
      </class> <!-- com.NewToursLogInTest.MyMavenProject.LogInTest -->
    </test> <!-- Command line test -->
  </suite> <!-- com.NewToursLogInTest.MyMavenProject.LogInTest -->
</testng-results>
