<?xml version="1.0" encoding="UTF-8"?>
<!-- Generated by org.testng.reporters.JUnitXMLReporter -->
<testsuite hostname="DESKTOP-O7HFG9C" ignored="0" name="Test" tests="1" failures="0" timestamp="30 Apr 2018 17:56:25 GMT" time="48.525" errors="0">
  <testcase name="@BeforeTest setUp" time="0.0" classname="com.NewToursLogInTest.MyMavenProject.LogInTest">
    <failure type="org.openqa.selenium.WebDriverException" message="Failed to connect to binary FirefoxBinary(C:\Program Files (x86)\Mozilla Firefox\firefox.exe) on port 7055; process output follows: 
AppData\Local\Temp\anonymous185264434324851886webdriver-profile\extensions\webdriver-staging
1525110943778	addons.xpi	DEBUG	Existing add-on fxdriver@googlecode.com in app-profile
1525110943779	addons.xpi	INFO	Mapping activity-stream@mozilla.org to C:\Program Files (x86)\Mozilla Firefox\browser\features\activity-stream@mozilla.org.xpi
1525110943779	addons.xpi	INFO	Mapping aushelper@mozilla.org to C:\Program Files (x86)\Mozilla Firefox\browser\features\aushelper@mozilla.org.xpi
1525110943780	addons.xpi	INFO	Mapping clicktoplay-rollout@mozilla.org to C:\Program Files (x86)\Mozilla Firefox\browser\features\clicktoplay-rollout@mozilla.org.xpi
1525110943780	addons.xpi	INFO	Mapping e10srollout@mozilla.org to C:\Program Files (x86)\Mozilla Firefox\browser\features\e10srollout@mozilla.org.xpi
1525110943780	addons.xpi	INFO	Mapping firefox@getpocket.com to C:\Program Files (x86)\Mozilla Firefox\browser\features\firefox@getpocket.com.xpi
1525110943780	addons.xpi	INFO	Mapping followonsearch@mozilla.com to C:\Program Files (x86)\Mozilla Firefox\browser\features\followonsearch@mozilla.com.xpi
1525110943780	addons.xpi	INFO	Mapping formautofill@mozilla.org to C:\Program Files (x86)\Mozilla Firefox\browser\features\formautofill@mozilla.org.xpi
1525110943780	addons.xpi	INFO	Mapping onboarding@mozilla.org to C:\Program Files (x86)\Mozilla Firefox\browser\features\onboarding@mozilla.org.xpi
1525110943780	addons.xpi	INFO	Mapping screenshots@mozilla.org to C:\Program Files (x86)\Mozilla Firefox\browser\features\screenshots@mozilla.org.xpi
1525110943780	addons.xpi	INFO	Mapping shield-recipe-client@mozilla.org to C:\Program Files (x86)\Mozilla Firefox\browser\features\shield-recipe-client@mozilla.org.xpi
1525110943780	addons.xpi	INFO	Mapping webcompat@mozilla.org to C:\Program Files (x86)\Mozilla Firefox\browser\features\webcompat@mozilla.org.xpi
1525110943781	addons.xpi	DEBUG	Existing add-on activity-stream@mozilla.org in app-system-defaults
1525110943781	addons.xpi	DEBUG	Existing add-on aushelper@mozilla.org in app-system-defaults
1525110943782	addons.xpi	DEBUG	Existing add-on clicktoplay-rollout@mozilla.org in app-system-defaults
1525110943782	addons.xpi	DEBUG	Existing add-on e10srollout@mozilla.org in app-system-defaults
1525110943783	addons.xpi	DEBUG	Existing add-on firefox@getpocket.com in app-system-defaults
1525110943784	addons.xpi	DEBUG	Existing add-on followonsearch@mozilla.com in app-system-defaults
1525110943785	addons.xpi	DEBUG	Existing add-on formautofill@mozilla.org in app-system-defaults
1525110943786	addons.xpi	DEBUG	Existing add-on onboarding@mozilla.org in app-system-defaults
1525110943786	addons.xpi	DEBUG	Existing add-on screenshots@mozilla.org in app-system-defaults
1525110943787	addons.xpi	DEBUG	Existing add-on shield-recipe-client@mozilla.org in app-system-defaults
1525110943787	addons.xpi	DEBUG	Existing add-on webcompat@mozilla.org in app-system-defaults
1525110943790	addons.xpi	INFO	Mapping {972ce4c6-7e08-4474-a285-3208198ce6fd} to C:\Program Files (x86)\Mozilla Firefox\browser\extensions\{972ce4c6-7e08-4474-a285-3208198ce6fd}.xpi
1525110943790	addons.xpi	DEBUG	Existing add-on {972ce4c6-7e08-4474-a285-3208198ce6fd} in app-global
1525110943791	addons.xpi	DEBUG	getInstallState changed: false, state: {}
1525110944006	addons.productaddons	INFO	sending request to: https://aus5.mozilla.org/update/3/GMP/56.0/20170926190823/WINNT_x86-msvc-x64/en-US/release/Windows_NT%2010.0.0.0%20(x64)/default/default/update.xml
1525110944960	addons.productaddons	INFO	Completed downloading document
1525110945337	addons.productaddons	INFO	downloadXHR File download. status=200
1525110945339	addons.productaddons	INFO	Downloaded file will be saved to C:\Users\karuna\AppData\Local\Temp\tmpaddon
1525110945998	DeferredSave.webext.sc.lz4	DEBUG	Starting write
1525110946006	DeferredSave.webext.sc.lz4	DEBUG	Write succeeded
1525110947035	addons.productaddons	INFO	downloadXHR File download. status=200
1525110947046	addons.productaddons	INFO	Downloaded file will be saved to C:\Users\karuna\AppData\Local\Temp\tmpaddon-5d9301

Build info: version: &amp;apos;2.53.1&amp;apos;, revision: &amp;apos;a36b8b1cd5757287168e54b817830adce9b0158d&amp;apos;, time: &amp;apos;2016-06-30 19:26:09&amp;apos;
System info: host: &amp;apos;DESKTOP-O7HFG9C&amp;apos;, ip: &amp;apos;192.168.0.15&amp;apos;, os.name: &amp;apos;Windows 10&amp;apos;, os.arch: &amp;apos;amd64&amp;apos;, os.version: &amp;apos;10.0&amp;apos;, java.version: &amp;apos;1.8.0_162&amp;apos;
Driver info: driver.version: FirefoxDriver">
      <![CDATA[org.openqa.selenium.WebDriverException: Failed to connect to binary FirefoxBinary(C:\Program Files (x86)\Mozilla Firefox\firefox.exe) on port 7055; process output follows: 
AppData\Local\Temp\anonymous185264434324851886webdriver-profile\extensions\webdriver-staging
1525110943778	addons.xpi	DEBUG	Existing add-on fxdriver@googlecode.com in app-profile
1525110943779	addons.xpi	INFO	Mapping activity-stream@mozilla.org to C:\Program Files (x86)\Mozilla Firefox\browser\features\activity-stream@mozilla.org.xpi
1525110943779	addons.xpi	INFO	Mapping aushelper@mozilla.org to C:\Program Files (x86)\Mozilla Firefox\browser\features\aushelper@mozilla.org.xpi
1525110943780	addons.xpi	INFO	Mapping clicktoplay-rollout@mozilla.org to C:\Program Files (x86)\Mozilla Firefox\browser\features\clicktoplay-rollout@mozilla.org.xpi
1525110943780	addons.xpi	INFO	Mapping e10srollout@mozilla.org to C:\Program Files (x86)\Mozilla Firefox\browser\features\e10srollout@mozilla.org.xpi
1525110943780	addons.xpi	INFO	Mapping firefox@getpocket.com to C:\Program Files (x86)\Mozilla Firefox\browser\features\firefox@getpocket.com.xpi
1525110943780	addons.xpi	INFO	Mapping followonsearch@mozilla.com to C:\Program Files (x86)\Mozilla Firefox\browser\features\followonsearch@mozilla.com.xpi
1525110943780	addons.xpi	INFO	Mapping formautofill@mozilla.org to C:\Program Files (x86)\Mozilla Firefox\browser\features\formautofill@mozilla.org.xpi
1525110943780	addons.xpi	INFO	Mapping onboarding@mozilla.org to C:\Program Files (x86)\Mozilla Firefox\browser\features\onboarding@mozilla.org.xpi
1525110943780	addons.xpi	INFO	Mapping screenshots@mozilla.org to C:\Program Files (x86)\Mozilla Firefox\browser\features\screenshots@mozilla.org.xpi
1525110943780	addons.xpi	INFO	Mapping shield-recipe-client@mozilla.org to C:\Program Files (x86)\Mozilla Firefox\browser\features\shield-recipe-client@mozilla.org.xpi
1525110943780	addons.xpi	INFO	Mapping webcompat@mozilla.org to C:\Program Files (x86)\Mozilla Firefox\browser\features\webcompat@mozilla.org.xpi
1525110943781	addons.xpi	DEBUG	Existing add-on activity-stream@mozilla.org in app-system-defaults
1525110943781	addons.xpi	DEBUG	Existing add-on aushelper@mozilla.org in app-system-defaults
1525110943782	addons.xpi	DEBUG	Existing add-on clicktoplay-rollout@mozilla.org in app-system-defaults
1525110943782	addons.xpi	DEBUG	Existing add-on e10srollout@mozilla.org in app-system-defaults
1525110943783	addons.xpi	DEBUG	Existing add-on firefox@getpocket.com in app-system-defaults
1525110943784	addons.xpi	DEBUG	Existing add-on followonsearch@mozilla.com in app-system-defaults
1525110943785	addons.xpi	DEBUG	Existing add-on formautofill@mozilla.org in app-system-defaults
1525110943786	addons.xpi	DEBUG	Existing add-on onboarding@mozilla.org in app-system-defaults
1525110943786	addons.xpi	DEBUG	Existing add-on screenshots@mozilla.org in app-system-defaults
1525110943787	addons.xpi	DEBUG	Existing add-on shield-recipe-client@mozilla.org in app-system-defaults
1525110943787	addons.xpi	DEBUG	Existing add-on webcompat@mozilla.org in app-system-defaults
1525110943790	addons.xpi	INFO	Mapping {972ce4c6-7e08-4474-a285-3208198ce6fd} to C:\Program Files (x86)\Mozilla Firefox\browser\extensions\{972ce4c6-7e08-4474-a285-3208198ce6fd}.xpi
1525110943790	addons.xpi	DEBUG	Existing add-on {972ce4c6-7e08-4474-a285-3208198ce6fd} in app-global
1525110943791	addons.xpi	DEBUG	getInstallState changed: false, state: {}
1525110944006	addons.productaddons	INFO	sending request to: https://aus5.mozilla.org/update/3/GMP/56.0/20170926190823/WINNT_x86-msvc-x64/en-US/release/Windows_NT%2010.0.0.0%20(x64)/default/default/update.xml
1525110944960	addons.productaddons	INFO	Completed downloading document
1525110945337	addons.productaddons	INFO	downloadXHR File download. status=200
1525110945339	addons.productaddons	INFO	Downloaded file will be saved to C:\Users\karuna\AppData\Local\Temp\tmpaddon
1525110945998	DeferredSave.webext.sc.lz4	DEBUG	Starting write
1525110946006	DeferredSave.webext.sc.lz4	DEBUG	Write succeeded
1525110947035	addons.productaddons	INFO	downloadXHR File download. status=200
1525110947046	addons.productaddons	INFO	Downloaded file will be saved to C:\Users\karuna\AppData\Local\Temp\tmpaddon-5d9301

Build info: version: '2.53.1', revision: 'a36b8b1cd5757287168e54b817830adce9b0158d', time: '2016-06-30 19:26:09'
System info: host: 'DESKTOP-O7HFG9C', ip: '192.168.0.15', os.name: 'Windows 10', os.arch: 'amd64', os.version: '10.0', java.version: '1.8.0_162'
Driver info: driver.version: FirefoxDriver
	at org.openqa.selenium.firefox.internal.NewProfileExtensionConnection.start(NewProfileExtensionConnection.java:125)
	at org.openqa.selenium.firefox.FirefoxDriver.startClient(FirefoxDriver.java:271)
	at org.openqa.selenium.remote.RemoteWebDriver.<init>(RemoteWebDriver.java:119)
	at org.openqa.selenium.firefox.FirefoxDriver.<init>(FirefoxDriver.java:216)
	at org.openqa.selenium.firefox.FirefoxDriver.<init>(FirefoxDriver.java:211)
	at org.openqa.selenium.firefox.FirefoxDriver.<init>(FirefoxDriver.java:207)
	at org.openqa.selenium.firefox.FirefoxDriver.<init>(FirefoxDriver.java:120)
	at com.NewToursLogInTest.MyMavenProject.LogInTest.setUp(LogInTest.java:21)
Caused by: org.openqa.selenium.firefox.NotConnectedException: Unable to connect to host 127.0.0.1 on port 7055 after 45000 ms. Firefox console output:
AppData\Local\Temp\anonymous185264434324851886webdriver-profile\extensions\webdriver-staging
1525110943778	addons.xpi	DEBUG	Existing add-on fxdriver@googlecode.com in app-profile
1525110943779	addons.xpi	INFO	Mapping activity-stream@mozilla.org to C:\Program Files (x86)\Mozilla Firefox\browser\features\activity-stream@mozilla.org.xpi
1525110943779	addons.xpi	INFO	Mapping aushelper@mozilla.org to C:\Program Files (x86)\Mozilla Firefox\browser\features\aushelper@mozilla.org.xpi
1525110943780	addons.xpi	INFO	Mapping clicktoplay-rollout@mozilla.org to C:\Program Files (x86)\Mozilla Firefox\browser\features\clicktoplay-rollout@mozilla.org.xpi
1525110943780	addons.xpi	INFO	Mapping e10srollout@mozilla.org to C:\Program Files (x86)\Mozilla Firefox\browser\features\e10srollout@mozilla.org.xpi
1525110943780	addons.xpi	INFO	Mapping firefox@getpocket.com to C:\Program Files (x86)\Mozilla Firefox\browser\features\firefox@getpocket.com.xpi
1525110943780	addons.xpi	INFO	Mapping followonsearch@mozilla.com to C:\Program Files (x86)\Mozilla Firefox\browser\features\followonsearch@mozilla.com.xpi
1525110943780	addons.xpi	INFO	Mapping formautofill@mozilla.org to C:\Program Files (x86)\Mozilla Firefox\browser\features\formautofill@mozilla.org.xpi
1525110943780	addons.xpi	INFO	Mapping onboarding@mozilla.org to C:\Program Files (x86)\Mozilla Firefox\browser\features\onboarding@mozilla.org.xpi
1525110943780	addons.xpi	INFO	Mapping screenshots@mozilla.org to C:\Program Files (x86)\Mozilla Firefox\browser\features\screenshots@mozilla.org.xpi
1525110943780	addons.xpi	INFO	Mapping shield-recipe-client@mozilla.org to C:\Program Files (x86)\Mozilla Firefox\browser\features\shield-recipe-client@mozilla.org.xpi
1525110943780	addons.xpi	INFO	Mapping webcompat@mozilla.org to C:\Program Files (x86)\Mozilla Firefox\browser\features\webcompat@mozilla.org.xpi
1525110943781	addons.xpi	DEBUG	Existing add-on activity-stream@mozilla.org in app-system-defaults
1525110943781	addons.xpi	DEBUG	Existing add-on aushelper@mozilla.org in app-system-defaults
1525110943782	addons.xpi	DEBUG	Existing add-on clicktoplay-rollout@mozilla.org in app-system-defaults
1525110943782	addons.xpi	DEBUG	Existing add-on e10srollout@mozilla.org in app-system-defaults
1525110943783	addons.xpi	DEBUG	Existing add-on firefox@getpocket.com in app-system-defaults
1525110943784	addons.xpi	DEBUG	Existing add-on followonsearch@mozilla.com in app-system-defaults
1525110943785	addons.xpi	DEBUG	Existing add-on formautofill@mozilla.org in app-system-defaults
1525110943786	addons.xpi	DEBUG	Existing add-on onboarding@mozilla.org in app-system-defaults
1525110943786	addons.xpi	DEBUG	Existing add-on screenshots@mozilla.org in app-system-defaults
1525110943787	addons.xpi	DEBUG	Existing add-on shield-recipe-client@mozilla.org in app-system-defaults
1525110943787	addons.xpi	DEBUG	Existing add-on webcompat@mozilla.org in app-system-defaults
1525110943790	addons.xpi	INFO	Mapping {972ce4c6-7e08-4474-a285-3208198ce6fd} to C:\Program Files (x86)\Mozilla Firefox\browser\extensions\{972ce4c6-7e08-4474-a285-3208198ce6fd}.xpi
1525110943790	addons.xpi	DEBUG	Existing add-on {972ce4c6-7e08-4474-a285-3208198ce6fd} in app-global
1525110943791	addons.xpi	DEBUG	getInstallState changed: false, state: {}
1525110944006	addons.productaddons	INFO	sending request to: https://aus5.mozilla.org/update/3/GMP/56.0/20170926190823/WINNT_x86-msvc-x64/en-US/release/Windows_NT%2010.0.0.0%20(x64)/default/default/update.xml
1525110944960	addons.productaddons	INFO	Completed downloading document
1525110945337	addons.productaddons	INFO	downloadXHR File download. status=200
1525110945339	addons.productaddons	INFO	Downloaded file will be saved to C:\Users\karuna\AppData\Local\Temp\tmpaddon
1525110945998	DeferredSave.webext.sc.lz4	DEBUG	Starting write
1525110946006	DeferredSave.webext.sc.lz4	DEBUG	Write succeeded
1525110947035	addons.productaddons	INFO	downloadXHR File download. status=200
1525110947046	addons.productaddons	INFO	Downloaded file will be saved to C:\Users\karuna\AppData\Local\Temp\tmpaddon-5d9301

	at org.openqa.selenium.firefox.internal.NewProfileExtensionConnection.start(NewProfileExtensionConnection.java:113)
	... 30 more
... Removed 23 stack frames]]>
    </failure>
  </testcase> <!-- @BeforeTest setUp -->
  <testcase name="@AfterTest tearDown" time="0.0" classname="com.NewToursLogInTest.MyMavenProject.LogInTest">
    <skipped/>
  </testcase> <!-- @AfterTest tearDown -->
  <testcase name="LogIn" time="0.005" classname="com.NewToursLogInTest.MyMavenProject.LogInTest">
    <skipped/>
  </testcase> <!-- LogIn -->
</testsuite> <!-- Test -->
