<?xml version="1.0" encoding="UTF-8"?>
<testng-results skipped="0" failed="0" ignored="0" total="1" passed="1">
  <reporter-output>
  </reporter-output>
  <suite name="Default suite" duration-ms="13623" started-at="2018-05-03T17:50:11Z" finished-at="2018-05-03T17:50:24Z">
    <groups>
    </groups>
    <test name="Default test" duration-ms="13623" started-at="2018-05-03T17:50:11Z" finished-at="2018-05-03T17:50:24Z">
      <class name="com.KeyWord.NewTours_LogInTesting">
        <test-method status="PASS" signature="setUp()[pri:0, instance:com.KeyWord.NewTours_LogInTesting@2bbf4b8b]" name="setUp" is-config="true" duration-ms="7655" started-at="2018-05-03T17:50:11Z" finished-at="2018-05-03T17:50:18Z">
          <reporter-output>
          </reporter-output>
        </test-method> <!-- setUp -->
        <test-method status="PASS" signature="LogIn()[pri:0, instance:com.KeyWord.NewTours_LogInTesting@2bbf4b8b]" name="LogIn" duration-ms="4179" started-at="2018-05-03T17:50:18Z" finished-at="2018-05-03T17:50:23Z">
          <reporter-output>
          </reporter-output>
        </test-method> <!-- LogIn -->
        <test-method status="PASS" signature="tearDown()[pri:0, instance:com.KeyWord.NewTours_LogInTesting@2bbf4b8b]" name="tearDown" is-config="true" duration-ms="1758" started-at="2018-05-03T17:50:23Z" finished-at="2018-05-03T17:50:24Z">
          <reporter-output>
          </reporter-output>
        </test-method> <!-- tearDown -->
      </class> <!-- com.KeyWord.NewTours_LogInTesting -->
    </test> <!-- Default test -->
  </suite> <!-- Default suite -->
</testng-results>
